[2023-11-30 21:49:17] (INSERT INTO withdrawls (amount, user_id, status) VALUES("92804353", "1", "INITIATED");)
[2023-11-30 21:49:17] (UPDATE users SET `balance` = '50000000', `name` = 'Yassar Mehmood', `upi` = '8899078780@axl' WHERE id = "1")
[2023-11-30 21:55:32] (INSERT INTO orders (game_id, selection, user_id, amount, type, status) VALUES("20231130439", "9", "1", "5000000", "parity", "0");)
[2023-11-30 21:55:32] (UPDATE users SET `balance` = '45000000' WHERE id = "1")
[2023-11-30 21:55:41] (INSERT INTO orders (game_id, selection, user_id, amount, type, status) VALUES("20231130439", "9", "1", "45000000", "parity", "0");)
[2023-11-30 21:55:41] (UPDATE users SET `balance` = '0' WHERE id = "1")
[2023-11-30 21:57:52] (INSERT INTO orders (game_id, selection, user_id, amount, type, status) VALUES("20231130440", "4", "1", "427500000", "parity", "0");)
[2023-11-30 21:57:52] (UPDATE users SET `balance` = '0' WHERE id = "1")
[2023-11-30 22:03:58] (INSERT INTO orders (game_id, selection, user_id, amount, type, status) VALUES("20231130442", "7", "1", "3748929352", "parity", "0");)
[2023-11-30 22:03:58] (UPDATE users SET `balance` = '0' WHERE id = "1")
[2023-11-30 22:06:45] (INSERT INTO orders (game_id, selection, user_id, amount, type, status) VALUES("20231130443", "8", "1", "32053345960", "parity", "0");)
[2023-11-30 22:06:45] (UPDATE users SET `balance` = '0' WHERE id = "1")
[2023-11-30 22:24:29] (INSERT INTO orders (game_id, selection, user_id, amount, type, status) VALUES("20231130449", "7", "1", "274056107958", "parity", "0");)
[2023-11-30 22:24:29] (UPDATE users SET `balance` = '0' WHERE id = "1")
[2023-11-30 22:27:21] (INSERT INTO orders (game_id, selection, user_id, amount, type, status) VALUES("20231130450", "8", "1", "2343179723041", "parity", "0");)
[2023-11-30 22:27:21] (UPDATE users SET `balance` = '0' WHERE id = "1")
[2023-11-30 22:31:07] (INSERT INTO orders (game_id, selection, user_id, amount, type, status) VALUES("20231130451", "4", "1", "20034186632001", "parity", "0");)
[2023-11-30 22:31:07] (UPDATE users SET `balance` = '0' WHERE id = "1")
[2023-11-30 22:34:18] (INSERT INTO orders (game_id, selection, user_id, amount, type, status) VALUES("20231130452", "6", "1", "171292295703610", "parity", "0");)
[2023-11-30 22:34:18] (UPDATE users SET `balance` = '0' WHERE id = "1")
[2023-11-30 22:37:05] (INSERT INTO withdrawls (amount, user_id, status) VALUES("999999999", "1", "INITIATED");)
[2023-11-30 22:37:05] (UPDATE users SET `balance` = '1464548128265901', `name` = 'Yassar Mehmood', `upi` = '8899078780@axl' WHERE id = "1")
[2023-11-30 22:37:22] (INSERT INTO withdrawls (amount, user_id, status) VALUES("99999999999999", "1", "INITIATED");)
[2023-11-30 22:37:22] (UPDATE users SET `balance` = '1364548128265902', `name` = 'Yassar Mehmood', `upi` = '8899078780@axl' WHERE id = "1")
[2023-11-30 22:37:33] (INSERT INTO withdrawls (amount, user_id, status) VALUES("99999999999", "1", "INITIATED");)
[2023-11-30 22:37:33] (UPDATE users SET `balance` = '1364448128265903', `name` = 'Yassar Mehmood', `upi` = '8899078780@axl' WHERE id = "1")
[2023-11-30 22:37:52] (INSERT INTO withdrawls (amount, user_id, status) VALUES("999966666699", "1", "INITIATED");)
[2023-11-30 22:37:52] (UPDATE users SET `balance` = '1363448161599204', `name` = 'Yassar Mehmood', `upi` = '8899078780@axl' WHERE id = "1")
[2023-11-30 22:38:14] (INSERT INTO withdrawls (amount, user_id, status) VALUES("963448161599204", "1", "INITIATED");)
[2023-11-30 22:38:14] (UPDATE users SET `balance` = '400000000000000', `name` = 'Yassar Mehmood', `upi` = '8899078780@axl' WHERE id = "1")
[2023-11-30 22:38:42] (INSERT INTO withdrawls (amount, user_id, status) VALUES("9000000000", "1", "INITIATED");)
[2023-11-30 22:38:42] (UPDATE users SET `balance` = '399991000000000', `name` = 'Yassar Mehmood', `upi` = '8899078780@axl' WHERE id = "1")
[2023-11-30 22:39:13] (INSERT INTO withdrawls (amount, user_id, status) VALUES("99991000000000", "1", "INITIATED");)
[2023-11-30 22:39:13] (UPDATE users SET `balance` = '300000000000000', `name` = 'Yassar Mehmood', `upi` = '8899078780@axl' WHERE id = "1")
[2023-11-30 22:39:42] (INSERT INTO withdrawls (amount, user_id, status) VALUES("9000000000", "1", "INITIATED");)
[2023-11-30 22:39:42] (UPDATE users SET `balance` = '299991000000000', `name` = 'Yassar Mehmood', `upi` = '8899078780@axl' WHERE id = "1")
[2023-11-30 22:43:50] (INSERT INTO withdrawls (amount, user_id, status) VALUES("99991000000000", "1", "INITIATED");)
[2023-11-30 22:43:50] (UPDATE users SET `balance` = '200000000000000', `name` = 'Yassar Mehmood', `upi` = '8899078780@axl' WHERE id = "1")
[2023-11-30 22:44:02] (INSERT INTO withdrawls (amount, user_id, status) VALUES("999999999", "1", "INITIATED");)
[2023-11-30 22:44:02] (UPDATE users SET `balance` = '199999000000001', `name` = 'Yassar Mehmood', `upi` = '8899078780@axl' WHERE id = "1")
[2023-11-30 22:44:11] (INSERT INTO withdrawls (amount, user_id, status) VALUES("999999999999", "1", "INITIATED");)
[2023-11-30 22:44:11] (UPDATE users SET `balance` = '198999000000002', `name` = 'Yassar Mehmood', `upi` = '8899078780@axl' WHERE id = "1")
[2023-11-30 22:44:24] (INSERT INTO withdrawls (amount, user_id, status) VALUES("98999000000002", "1", "INITIATED");)
[2023-11-30 22:44:24] (UPDATE users SET `balance` = '100000000000000', `name` = 'Yassar Mehmood', `upi` = '8899078780@axl' WHERE id = "1")
[2023-11-30 22:44:39] (INSERT INTO withdrawls (amount, user_id, status) VALUES("900000000", "1", "INITIATED");)
[2023-11-30 22:44:39] (UPDATE users SET `balance` = '99999100000000', `name` = 'Yassar Mehmood', `upi` = '8899078780@axl' WHERE id = "1")
[2023-11-30 22:44:58] (INSERT INTO withdrawls (amount, user_id, status) VALUES("9999910000", "1", "INITIATED");)
[2023-11-30 22:44:58] (UPDATE users SET `balance` = '99989100090000', `name` = 'Yassar Mehmood', `upi` = '8899078780@axl' WHERE id = "1")
[2023-11-30 22:46:26] (INSERT INTO withdrawls (amount, user_id, status) VALUES("9998910000000", "1", "INITIATED");)
[2023-11-30 22:46:26] (UPDATE users SET `balance` = '89990190090000', `name` = 'Yassar Mehmood', `upi` = '8899078780@axl' WHERE id = "1")
[2023-11-30 22:46:57] (INSERT INTO withdrawls (amount, user_id, status) VALUES("8990190000000", "1", "INITIATED");)
[2023-11-30 22:46:57] (UPDATE users SET `balance` = '81000000090000', `name` = 'Yassar Mehmood', `upi` = '8899078780@axl' WHERE id = "1")
[2023-11-30 22:47:24] (INSERT INTO withdrawls (amount, user_id, status) VALUES("81000000090000", "1", "INITIATED");)
[2023-11-30 22:47:24] (UPDATE users SET `balance` = '0', `name` = 'Yassar Mehmood', `upi` = '8899078780@axl' WHERE id = "1")
[2023-12-01 00:06:11] (UPDATE users SET `name` = 'Ajaz Ul Haq ' WHERE id = "2")
[2023-12-01 00:13:28] (INSERT INTO withdrawls (amount, user_id, status) VALUES("501", "2", "INITIATED");)
[2023-12-01 00:13:28] (UPDATE users SET `balance` = '88430', `name` = 'Ajaz Ul Haq ', `upi` = 'xyzabc123@paytm' WHERE id = "2")
[2023-12-01 00:13:56] (INSERT INTO withdrawls (amount, user_id, status) VALUES("1000", "2", "INITIATED");)
[2023-12-01 00:13:56] (UPDATE users SET `balance` = '87430', `name` = 'Ajaz Ul Haq ', `upi` = 'xyzabc123@paytm' WHERE id = "2")
[2023-12-01 00:15:14] (INSERT INTO withdrawls (amount, user_id, status) VALUES("1200", "2", "INITIATED");)
[2023-12-01 00:15:14] (UPDATE users SET `balance` = '86230', `name` = 'Ajaz Ul Haq ', `upi` = 'xyzabc123@paytm' WHERE id = "2")
[2023-12-01 00:15:21] (INSERT INTO withdrawls (amount, user_id, status) VALUES("1000", "2", "INITIATED");)
[2023-12-01 00:15:21] (UPDATE users SET `balance` = '85230', `name` = 'Ajaz Ul Haq ', `upi` = 'xyzabc123@paytm' WHERE id = "2")
[2023-12-01 00:15:41] (INSERT INTO withdrawls (amount, user_id, status) VALUES("1090", "2", "INITIATED");)
[2023-12-01 00:15:41] (UPDATE users SET `balance` = '84140', `name` = 'Ajaz Ul Haq ', `upi` = 'ajazulhaq@paytm' WHERE id = "2")
[2023-12-01 00:16:02] (INSERT INTO withdrawls (amount, user_id, status) VALUES("10000", "2", "INITIATED");)
[2023-12-01 00:16:02] (UPDATE users SET `balance` = '74140', `name` = 'Ajaz Ul Haq ', `upi` = 'ajazulhaq@paytm' WHERE id = "2")
[2023-12-01 00:17:56] (INSERT INTO withdrawls (amount, user_id, status) VALUES("2555", "2", "INITIATED");)
[2023-12-01 00:17:56] (UPDATE users SET `balance` = '71585', `name` = 'Ajaz Ul Haq ', `upi` = 'ajazulhaq@paytm' WHERE id = "2")
[2023-12-01 00:18:23] (INSERT INTO withdrawls (amount, user_id, status) VALUES("5000", "2", "INITIATED");)
[2023-12-01 00:18:23] (UPDATE users SET `balance` = '66585', `name` = 'Ajaz Ul Haq ', `upi` = 'ajazulhaq@paytm' WHERE id = "2")
[2023-12-01 00:19:30] (INSERT INTO withdrawls (amount, user_id, status) VALUES("585", "2", "INITIATED");)
[2023-12-01 00:19:30] (UPDATE users SET `balance` = '66000', `name` = 'Ajaz Ul Haq ', `upi` = 'ajazulhaq@paytm' WHERE id = "2")
[2023-12-01 00:25:09] (INSERT INTO withdrawls (amount, user_id, status) VALUES("5000", "2", "INITIATED");)
[2023-12-01 00:25:09] (UPDATE users SET `balance` = '63090', `name` = 'Ajaz Ul Haq ', `upi` = 'ajazulhaq@paytm' WHERE id = "2")
[2023-12-01 00:46:45] (UPDATE users SET `name` = 'Ajaz Ul Haq ' WHERE id = "2")
