[2023-11-30 21:56:27] (UPDATE manual SET `status` = '1' WHERE type = "parity" AND number = "9")
[2023-11-30 21:56:27] (INSERT INTO logs (user_id, action, final_value, initial_value, context, session_id) VALUES("2", "customizeNumber", "", "", "Enabled <b>9</b> in <b>parity</b> for game <b>20231130439</b>.", "session_6568b7a7089b5");)
[2023-11-30 21:58:05] (UPDATE manual SET `status` = '1' WHERE type = "parity" AND number = "4")
[2023-11-30 21:58:05] (INSERT INTO logs (user_id, action, final_value, initial_value, context, session_id) VALUES("2", "customizeNumber", "", "", "Enabled <b>4</b> in <b>parity</b> for game <b>20231130440</b>.", "session_6568b7a7089b5");)
[2023-11-30 21:59:25] (UPDATE withdrawls SET `status` = 'REJECTED' WHERE id = "62")
[2023-11-30 21:59:25] (UPDATE users SET `balance` = '92804353' WHERE id = "1")
[2023-11-30 21:59:25] (INSERT INTO logs (user_id, action, final_value, initial_value, context, session_id) VALUES("2", "rejected_withdrawal", "", "", "<b>Rejected</b> withdrawal of <b>92804353</b> for user <b>9103648291</b>", "session_6568b7a7089b5");)
[2023-11-30 21:59:36] (UPDATE withdrawls SET `status` = 'REJECTED' WHERE id = "61")
[2023-11-30 21:59:36] (UPDATE users SET `balance` = '93804352' WHERE id = "1")
[2023-11-30 21:59:36] (INSERT INTO logs (user_id, action, final_value, initial_value, context, session_id) VALUES("2", "rejected_withdrawal", "", "", "<b>Rejected</b> withdrawal of <b>999999</b> for user <b>9103648291</b>", "session_6568b7a7089b5");)
[2023-11-30 21:59:43] (UPDATE withdrawls SET `status` = 'APPROVED' WHERE id = "60")
[2023-11-30 21:59:43] (INSERT INTO logs (user_id, action, final_value, initial_value, context, session_id) VALUES("2", "approved_withdrawal", "", "", "<b>Approved</b> withdrawal of <b>500000000</b> for user <b>9103648291</b>", "session_6568b7a7089b5");)
[2023-11-30 21:59:45] (UPDATE withdrawls SET `status` = 'COMPLETED' WHERE id = "60")
[2023-11-30 21:59:45] (INSERT INTO logs (user_id, action, final_value, initial_value, context, session_id) VALUES("2", "completed_withdrawal", "", "", "<b>Completed</b> withdrawal of <b>500000000</b> for user <b>9103648291</b>", "session_6568b7a7089b5");)
[2023-11-30 22:04:08] (UPDATE manual SET `status` = '1' WHERE type = "parity" AND number = "7")
[2023-11-30 22:04:08] (INSERT INTO logs (user_id, action, final_value, initial_value, context, session_id) VALUES("2", "customizeNumber", "", "", "Enabled <b>7</b> in <b>parity</b> for game <b>20231130442</b>.", "session_6568b914ad4f8");)
[2023-11-30 22:04:11] (UPDATE manual SET `status` = '1' WHERE type = "parity" AND number = "6")
[2023-11-30 22:04:11] (INSERT INTO logs (user_id, action, final_value, initial_value, context, session_id) VALUES("2", "customizeNumber", "", "", "Enabled <b>6</b> in <b>parity</b> for game <b>20231130442</b>.", "session_6568b914ad4f8");)
[2023-11-30 22:04:12] (UPDATE manual SET `status` = '0' WHERE type = "parity" AND number = "6")
[2023-11-30 22:04:12] (INSERT INTO logs (user_id, action, final_value, initial_value, context, session_id) VALUES("2", "customizeNumber", "", "", "Disabled <b>6</b> in <b>parity</b> for game <b>20231130442</b>.", "session_6568b914ad4f8");)
[2023-11-30 22:04:12] (UPDATE manual SET `status` = '1' WHERE type = "parity" AND number = "6")
[2023-11-30 22:04:12] (INSERT INTO logs (user_id, action, final_value, initial_value, context, session_id) VALUES("2", "customizeNumber", "", "", "Enabled <b>6</b> in <b>parity</b> for game <b>20231130442</b>.", "session_6568b914ad4f8");)
[2023-11-30 22:04:13] (UPDATE manual SET `status` = '0' WHERE type = "parity" AND number = "6")
[2023-11-30 22:04:13] (INSERT INTO logs (user_id, action, final_value, initial_value, context, session_id) VALUES("2", "customizeNumber", "", "", "Disabled <b>6</b> in <b>parity</b> for game <b>20231130442</b>.", "session_6568b914ad4f8");)
[2023-11-30 22:04:14] (UPDATE manual SET `status` = '1' WHERE type = "parity" AND number = "5")
[2023-11-30 22:04:14] (INSERT INTO logs (user_id, action, final_value, initial_value, context, session_id) VALUES("2", "customizeNumber", "", "", "Enabled <b>5</b> in <b>parity</b> for game <b>20231130442</b>.", "session_6568b914ad4f8");)
[2023-11-30 22:04:14] (UPDATE manual SET `status` = '0' WHERE type = "parity" AND number = "5")
[2023-11-30 22:04:14] (INSERT INTO logs (user_id, action, final_value, initial_value, context, session_id) VALUES("2", "customizeNumber", "", "", "Disabled <b>5</b> in <b>parity</b> for game <b>20231130442</b>.", "session_6568b914ad4f8");)
[2023-11-30 22:04:15] (UPDATE manual SET `status` = '1' WHERE type = "parity" AND number = "4")
[2023-11-30 22:04:15] (INSERT INTO logs (user_id, action, final_value, initial_value, context, session_id) VALUES("2", "customizeNumber", "", "", "Enabled <b>4</b> in <b>parity</b> for game <b>20231130442</b>.", "session_6568b914ad4f8");)
[2023-11-30 22:04:16] (UPDATE manual SET `status` = '0' WHERE type = "parity" AND number = "4")
[2023-11-30 22:04:16] (INSERT INTO logs (user_id, action, final_value, initial_value, context, session_id) VALUES("2", "customizeNumber", "", "", "Disabled <b>4</b> in <b>parity</b> for game <b>20231130442</b>.", "session_6568b914ad4f8");)
[2023-11-30 22:06:53] (UPDATE manual SET `status` = '1' WHERE type = "parity" AND number = "8")
[2023-11-30 22:06:53] (INSERT INTO logs (user_id, action, final_value, initial_value, context, session_id) VALUES("2", "customizeNumber", "", "", "Enabled <b>8</b> in <b>parity</b> for game <b>20231130443</b>.", "session_6568b914ad4f8");)
[2023-11-30 22:20:48] (UPDATE manual SET `status` = '1' WHERE type = "parity" AND number = "0")
[2023-11-30 22:20:48] (INSERT INTO logs (user_id, action, final_value, initial_value, context, session_id) VALUES("2", "customizeNumber", "", "", "Enabled <b>0</b> in <b>parity</b> for game <b>20231130447</b>.", "session_6568b914ad4f8");)
[2023-11-30 22:20:49] (UPDATE manual SET `status` = '1' WHERE type = "parity" AND number = "1")
[2023-11-30 22:20:49] (INSERT INTO logs (user_id, action, final_value, initial_value, context, session_id) VALUES("2", "customizeNumber", "", "", "Enabled <b>1</b> in <b>parity</b> for game <b>20231130447</b>.", "session_6568b914ad4f8");)
[2023-11-30 22:20:49] (UPDATE manual SET `status` = '1' WHERE type = "parity" AND number = "2")
[2023-11-30 22:20:49] (INSERT INTO logs (user_id, action, final_value, initial_value, context, session_id) VALUES("2", "customizeNumber", "", "", "Enabled <b>2</b> in <b>parity</b> for game <b>20231130447</b>.", "session_6568b914ad4f8");)
[2023-11-30 22:20:50] (UPDATE manual SET `status` = '1' WHERE type = "parity" AND number = "3")
[2023-11-30 22:20:50] (INSERT INTO logs (user_id, action, final_value, initial_value, context, session_id) VALUES("2", "customizeNumber", "", "", "Enabled <b>3</b> in <b>parity</b> for game <b>20231130447</b>.", "session_6568b914ad4f8");)
[2023-11-30 22:20:51] (UPDATE manual SET `status` = '0' WHERE type = "parity" AND number = "3")
[2023-11-30 22:20:51] (INSERT INTO logs (user_id, action, final_value, initial_value, context, session_id) VALUES("2", "customizeNumber", "", "", "Disabled <b>3</b> in <b>parity</b> for game <b>20231130447</b>.", "session_6568b914ad4f8");)
[2023-11-30 22:20:51] (UPDATE manual SET `status` = '0' WHERE type = "parity" AND number = "2")
[2023-11-30 22:20:51] (INSERT INTO logs (user_id, action, final_value, initial_value, context, session_id) VALUES("2", "customizeNumber", "", "", "Disabled <b>2</b> in <b>parity</b> for game <b>20231130447</b>.", "session_6568b914ad4f8");)
[2023-11-30 22:20:52] (UPDATE manual SET `status` = '0' WHERE type = "parity" AND number = "1")
[2023-11-30 22:20:52] (INSERT INTO logs (user_id, action, final_value, initial_value, context, session_id) VALUES("2", "customizeNumber", "", "", "Disabled <b>1</b> in <b>parity</b> for game <b>20231130447</b>.", "session_6568b914ad4f8");)
[2023-11-30 22:20:52] (UPDATE manual SET `status` = '0' WHERE type = "parity" AND number = "0")
[2023-11-30 22:20:52] (INSERT INTO logs (user_id, action, final_value, initial_value, context, session_id) VALUES("2", "customizeNumber", "", "", "Disabled <b>0</b> in <b>parity</b> for game <b>20231130447</b>.", "session_6568b914ad4f8");)
[2023-11-30 22:25:20] (UPDATE manual SET `status` = '1' WHERE type = "parity" AND number = "7")
[2023-11-30 22:25:20] (INSERT INTO logs (user_id, action, final_value, initial_value, context, session_id) VALUES("2", "customizeNumber", "", "", "Enabled <b>7</b> in <b>parity</b> for game <b>20231130449</b>.", "session_6568b914ad4f8");)
[2023-11-30 22:27:29] (UPDATE manual SET `status` = '1' WHERE type = "parity" AND number = "8")
[2023-11-30 22:27:29] (INSERT INTO logs (user_id, action, final_value, initial_value, context, session_id) VALUES("2", "customizeNumber", "", "", "Enabled <b>8</b> in <b>parity</b> for game <b>20231130450</b>.", "session_6568b914ad4f8");)
[2023-11-30 22:31:13] (UPDATE manual SET `status` = '1' WHERE type = "parity" AND number = "4")
[2023-11-30 22:31:13] (INSERT INTO logs (user_id, action, final_value, initial_value, context, session_id) VALUES("2", "customizeNumber", "", "", "Enabled <b>4</b> in <b>parity</b> for game <b>20231130451</b>.", "session_6568b914ad4f8");)
[2023-11-30 22:35:00] (UPDATE manual SET `status` = '1' WHERE type = "parity" AND number = "6")
[2023-11-30 22:35:00] (INSERT INTO logs (user_id, action, final_value, initial_value, context, session_id) VALUES("2", "customizeNumber", "", "", "Enabled <b>6</b> in <b>parity</b> for game <b>20231130452</b>.", "session_6568b914ad4f8");)
[2023-11-30 23:43:57] (UPDATE system SET `value` = 'System X' WHERE config = "title")
[2023-11-30 23:44:07] (UPDATE system SET `value` = 'System X' WHERE config = "title")
[2023-11-30 23:44:34] (UPDATE system SET `value` = '#b42222' WHERE config = "color")
[2023-11-30 23:44:47] (UPDATE system SET `value` = 'System Xdr' WHERE config = "title")
[2023-11-30 23:47:55] (UPDATE system SET `value` = '#a19191' WHERE config = "color")
[2023-11-30 23:48:20] (UPDATE system SET `value` = '#a19191' WHERE config = "color")
[2023-11-30 23:48:22] (UPDATE system SET `value` = '#a19191' WHERE config = "color")
[2023-11-30 23:48:38] (UPDATE system SET `value` = '#ffffff' WHERE config = "color")
[2023-11-30 23:49:09] (UPDATE system SET `value` = 'parity,emerd,bcone,sapre' WHERE config = "keywords")
[2023-11-30 23:52:50] (UPDATE system SET `value` = '#c25656' WHERE config = "color")
[2023-11-30 23:53:01] (UPDATE system SET `value` = 'Evoke' WHERE config = "title")
[2023-11-30 23:53:49] (UPDATE system SET `value` = 'XNXX' WHERE config = "title")
[2023-11-30 23:54:03] (UPDATE system SET `value` = '#5b709a' WHERE config = "color")
[2023-11-30 23:54:06] (UPDATE system SET `value` = 'XNXX' WHERE config = "title")
[2023-11-30 23:55:08] (UPDATE system SET `value` = 'Amanda Mall' WHERE config = "title")
[2023-11-30 23:56:04] (UPDATE system SET `value` = '#46494e' WHERE config = "color")
[2023-12-01 00:22:50] (UPDATE withdrawls SET `status` = 'APPROVED' WHERE id = "88")
[2023-12-01 00:22:50] (INSERT INTO logs (user_id, action, final_value, initial_value, context, session_id) VALUES("2", "approved_withdrawal", "", "", "<b>Approved</b> withdrawal of <b>585</b> for user <b>9055713253</b>", "session_6568d9bc850f6");)
[2023-12-01 00:22:53] (UPDATE withdrawls SET `status` = 'COMPLETED' WHERE id = "88")
[2023-12-01 00:22:53] (INSERT INTO logs (user_id, action, final_value, initial_value, context, session_id) VALUES("2", "completed_withdrawal", "", "", "<b>Completed</b> withdrawal of <b>585</b> for user <b>9055713253</b>", "session_6568d9bc850f6");)
[2023-12-01 00:22:59] (UPDATE withdrawls SET `status` = 'APPROVED' WHERE id = "87")
[2023-12-01 00:22:59] (INSERT INTO logs (user_id, action, final_value, initial_value, context, session_id) VALUES("2", "approved_withdrawal", "", "", "<b>Approved</b> withdrawal of <b>5000</b> for user <b>9055713253</b>", "session_6568d9bc850f6");)
[2023-12-01 00:23:00] (UPDATE withdrawls SET `status` = 'COMPLETED' WHERE id = "87")
[2023-12-01 00:23:00] (INSERT INTO logs (user_id, action, final_value, initial_value, context, session_id) VALUES("2", "completed_withdrawal", "", "", "<b>Completed</b> withdrawal of <b>5000</b> for user <b>9055713253</b>", "session_6568d9bc850f6");)
[2023-12-01 00:23:05] (UPDATE withdrawls SET `status` = 'APPROVED' WHERE id = "86")
[2023-12-01 00:23:05] (INSERT INTO logs (user_id, action, final_value, initial_value, context, session_id) VALUES("2", "approved_withdrawal", "", "", "<b>Approved</b> withdrawal of <b>2555</b> for user <b>9055713253</b>", "session_6568d9bc850f6");)
[2023-12-01 00:23:08] (UPDATE withdrawls SET `status` = 'COMPLETED' WHERE id = "86")
[2023-12-01 00:23:08] (INSERT INTO logs (user_id, action, final_value, initial_value, context, session_id) VALUES("2", "completed_withdrawal", "", "", "<b>Completed</b> withdrawal of <b>2555</b> for user <b>9055713253</b>", "session_6568d9bc850f6");)
[2023-12-01 00:23:14] (UPDATE withdrawls SET `status` = 'APPROVED' WHERE id = "85")
[2023-12-01 00:23:14] (INSERT INTO logs (user_id, action, final_value, initial_value, context, session_id) VALUES("2", "approved_withdrawal", "", "", "<b>Approved</b> withdrawal of <b>10000</b> for user <b>9055713253</b>", "session_6568d9bc850f6");)
[2023-12-01 00:23:24] (UPDATE withdrawls SET `status` = 'APPROVED' WHERE id = "80")
[2023-12-01 00:23:24] (INSERT INTO logs (user_id, action, final_value, initial_value, context, session_id) VALUES("2", "approved_withdrawal", "", "", "<b>Approved</b> withdrawal of <b>501</b> for user <b>9055713253</b>", "session_6568d9bc850f6");)
[2023-12-01 00:23:26] (UPDATE withdrawls SET `status` = 'COMPLETED' WHERE id = "80")
[2023-12-01 00:23:26] (INSERT INTO logs (user_id, action, final_value, initial_value, context, session_id) VALUES("2", "completed_withdrawal", "", "", "<b>Completed</b> withdrawal of <b>501</b> for user <b>9055713253</b>", "session_6568d9bc850f6");)
[2023-12-01 00:23:35] (UPDATE withdrawls SET `status` = 'REJECTED' WHERE id = "84")
[2023-12-01 00:23:35] (UPDATE users SET `balance` = '67090' WHERE id = "2")
[2023-12-01 00:23:35] (INSERT INTO logs (user_id, action, final_value, initial_value, context, session_id) VALUES("2", "rejected_withdrawal", "", "", "<b>Rejected</b> withdrawal of <b>1090</b> for user <b>9055713253</b>", "session_6568d9bc850f6");)
[2023-12-01 00:23:43] (UPDATE withdrawls SET `status` = 'REJECTED' WHERE id = "83")
[2023-12-01 00:23:43] (UPDATE users SET `balance` = '68090' WHERE id = "2")
[2023-12-01 00:23:43] (INSERT INTO logs (user_id, action, final_value, initial_value, context, session_id) VALUES("2", "rejected_withdrawal", "", "", "<b>Rejected</b> withdrawal of <b>1000</b> for user <b>9055713253</b>", "session_6568d9bc850f6");)
[2023-12-01 00:23:49] (UPDATE withdrawls SET `status` = 'APPROVED' WHERE id = "82")
[2023-12-01 00:23:49] (INSERT INTO logs (user_id, action, final_value, initial_value, context, session_id) VALUES("2", "approved_withdrawal", "", "", "<b>Approved</b> withdrawal of <b>1200</b> for user <b>9055713253</b>", "session_6568d9bc850f6");)
[2023-12-01 00:23:54] (UPDATE withdrawls SET `status` = 'COMPLETED' WHERE id = "82")
[2023-12-01 00:23:54] (INSERT INTO logs (user_id, action, final_value, initial_value, context, session_id) VALUES("2", "completed_withdrawal", "", "", "<b>Completed</b> withdrawal of <b>1200</b> for user <b>9055713253</b>", "session_6568d9bc850f6");)
[2023-12-01 00:24:01] (UPDATE withdrawls SET `status` = 'APPROVED' WHERE id = "81")
[2023-12-01 00:24:01] (INSERT INTO logs (user_id, action, final_value, initial_value, context, session_id) VALUES("2", "approved_withdrawal", "", "", "<b>Approved</b> withdrawal of <b>1000</b> for user <b>9055713253</b>", "session_6568d9bc850f6");)
[2023-12-01 00:24:43] (UPDATE withdrawls SET `status` = 'COMPLETED' WHERE id = "85")
[2023-12-01 00:24:43] (INSERT INTO logs (user_id, action, final_value, initial_value, context, session_id) VALUES("2", "completed_withdrawal", "", "", "<b>Completed</b> withdrawal of <b>10000</b> for user <b>9055713253</b>", "session_6568d9bc850f6");)
[2023-12-01 00:24:49] (UPDATE withdrawls SET `status` = 'COMPLETED' WHERE id = "81")
[2023-12-01 00:24:49] (INSERT INTO logs (user_id, action, final_value, initial_value, context, session_id) VALUES("2", "completed_withdrawal", "", "", "<b>Completed</b> withdrawal of <b>1000</b> for user <b>9055713253</b>", "session_6568d9bc850f6");)
[2023-12-01 00:26:45] (UPDATE system SET `value` = '#2e5394' WHERE config = "color")
[2023-12-01 00:35:57] (UPDATE system SET `value` = '2000' WHERE config = "minimum_withdrawl")
[2023-12-01 00:36:02] (UPDATE system SET `value` = '3000' WHERE config = "minimum_deposit")
[2023-12-01 00:50:20] (UPDATE system SET `value` = '#0142b2' WHERE config = "color")
[2023-12-01 00:50:57] (UPDATE system SET `value` = '#2a313c' WHERE config = "color")
